  PhiPsi Post-Processor
 -----------------------------------------------------------------------
 > RELEASE INFORMATION:                                                 
   PhiPsi Post Processor is used for plotting deformed or undeformed    
   mesh, contours of displacements and stresses at specified substep.   
 -----------------------------------------------------------------------
 > Version 1.21.7   released on 2024-02-27                              
 > AUTHOR: Fang Shi, Huaiyin Institute of Technology                    
 > WEBSITE: http://phipsi.top                                           
 > EMAIL: shifang@ustc.edu.cn / shifang@hyit.edu.cn                     
 -----------------------------------------------------------------------
                                                                        
 >> Start time is 3/8/2024 11:48:15.
 
 >> Reading input file....
 >> Full filename: X:\PhiPsi_Work\example_1\case3\3D_Block_20x20x20_Fixed\3D_Block_20x20x20_Fixed
    ---#---#---#---#---#---#---#---#---#---#---
    Attention :: Results number to plot: 1
    ---#---#---#---#---#---#---#---#---#---#---
    
    Reading node file....
    Reading elem file....
    Reading boux file....
    Reading bouy file....
    Reading bouz file....
    Reading focx file....
    Reading focy file....
    Reading focz file....
    Geometry files reading done.
  
    ~~~~~~~~~~~~~~~~~~~~~~~~~~~~~~~~~~~~~~~~~~~~~
    ATTENTION :: Figure Control Widget is active!
    ~~~~~~~~~~~~~~~~~~~~~~~~~~~~~~~~~~~~~~~~~~~~~
    > Reading nodal displacement file....
    > Reading element permeability file....
    > Reading nodal displacement file with enriched DOFs....
    > Reading wellbore file....
    > Reading nodal displacement (in cylindrical coodinates) file....
    > Reading nodal stress file....
    > Reading nodal stress (in cylindrical coodinates) file....
    > Reading nodal strain file....
    > Reading nodal strain (in Cylinderal CS) file....
    > Reading force file....
    > Reading Boundary file....
    > Reading outl (model outlines) file....
    > Reading outa (model outareas) file....
    > Reading outn (model surface nodes) file....
    > Reading coordinates of cracks....
    > Reading enriched nodes of cracks....
      ----- Plotting undeformed mesh......
      ----- Plotting crack surface...
      Caution :: Key_Plot_EleGauss ==1, but no *.elgn file found! error in Plot_Mesh3D.m!
      ----- Plotting deformed mesh......
      ----- Plotting crack surface...
      Caution :: Key_Plot_EleGauss ==1, but no *.elgn file found! error in Plot_Mesh3D.m!
      ----- Plotting 3D NF......
      ----- Plotting crack contour......
      Caution :: Key_Plot_EleGauss ==1, but no *.elgn file found! error in Plot_Mesh3D.m!
    Plot completed.
 
 >> End time is 3/8/2024 11:48:29.
 >> Total elapsed time is 14.7808 s, i.e. 0.24636 mins.
